<?xml version="1.0" encoding="UTF-8"?>
<!-- Generated by org.testng.reporters.JUnitReportReporter -->
<testsuite hostname="VLz" failures="0" tests="2" name="com.juaracoding.btestng.CalculatorTest" time="0.003" errors="0" timestamp="2025-07-14T21:38:34 WIB" skipped="0">
  <testcase classname="com.juaracoding.btestng.CalculatorTest" name="addTest" time="0.003"/>
  <testcase classname="com.juaracoding.btestng.CalculatorTest" name="substractTest" time="0.000"/>
</testsuite> <!-- com.juaracoding.btestng.CalculatorTest -->
