<?xml version="1.0" encoding="UTF-8"?>
<!-- Generated by org.testng.reporters.JUnitReportReporter -->
<testsuite hostname="VLz" failures="0" tests="1" name="com.juaracoding.btestng.AuthenticationTest" time="0.008" errors="0" timestamp="2025-07-15T21:07:13 WIB" skipped="0">
  <testcase classname="com.juaracoding.btestng.AuthenticationTest" name="signinTest" time="0.008"/>
</testsuite> <!-- com.juaracoding.btestng.AuthenticationTest -->
