<?xml version="1.0" encoding="UTF-8"?>
<!-- Generated by org.testng.reporters.JUnitReportReporter -->
<testsuite hostname="VLz" failures="0" tests="3" name="com.juaracoding.btestng.SignInTest" time="0.010" errors="0" timestamp="2025-07-15T19:31:39 WIB" skipped="0">
  <testcase classname="com.juaracoding.btestng.SignInTest" name="signinTest" time="0.008"/>
  <testcase classname="com.juaracoding.btestng.SignInTest" name="dashboardTest" time="0.002"/>
  <testcase classname="com.juaracoding.btestng.SignInTest" name="profileTest" time="0.000"/>
</testsuite> <!-- com.juaracoding.btestng.SignInTest -->
